Runtime environment: 
The number of processes is 1, and the number of threads per process is 8.
Machine: localhost.localdomain, Date: Thu Mar 31 15:01:41 2016

---------------------------------
Below is the original input file 
---------------------------------
input_db {
   Main {
      application_type = "fixed_source"                    
      GDMLFile         = "Model.gdml"                      
      check_geometry   = TRUE                              
   }
   HierarchyIntegrator {
      steps                 = 1                            
      restart_dump_interval = 0                            
   }
   Source {
      number_of_source = 1                                 
      particle_type    = 4                                 
      Source_0 {
         probability                           = 1         
         point                                 = 0, 0, 0   
         energy_distribution                   = "dist1"   
         probability_of_energy_distribution    = 1         
         direction_distribution                = "dir_distri_name1"
         probability_of_direction_distribution = 1         
         dist1 {
            distribution_type  = "discrete_spectrum"       
            state_points       = 10                        
            sample_probability = 1                         
         }
         dir_distri_name1 {
            reference_direction             = 0, 0, 1      
            polar_angle_cosine_distribution = "d1"         
         }
         d1 {
            distribution_type  = "discrete_spectrum"       
            state_points       = 1                         
            sample_probability = 1                         
         }
      }
   }
   Transportation {
      scale                    = 5000                      
      transport_mode           = "photon_electron"         
      range_of_electron_energy = 0.02, 10                  
      random_seed_mode_        = 1                         
      electron_energy_cutoff   = 0.02                      
      electron_produce_photon  = TRUE                      
      photon_induce_electron   = TRUE                      
   }
   Tallys {
      number_of_Tally4 = 2                                 
      number_of_Tally1 = 1                                 
      Tally4_0 {
         particle_type = 4                                 
         cells_name    = "S1"                              
         energy_bin    = 0.01, 0.1, 1, 10                  
      }
      Tally4_1 {
         particle_type = 2                                 
         cells_name    = "S1"                              
         energy_bin    = 0.01, 0.1, 1, 10                  
      }
      Tally1_0 {
         particle_type = 4                                 
         cells_name    = "S1", "S2"                        
         energy_bin    = 0.05, 0.95455, 1.8591, 2.7636, 3.6682, 4.5727, 5.4773, 6.3818, 7.2864, 8.1909, 9.0955, 10
      }
   }
   TimerManager {
   }
}
-----------------
End of input file
-----------------
Read GDML file!
MPI Nodes: 1  Domains: 1
The total cell number = 3.The share cell number = 1.
Thread number: 1
Rank 0 Cell Number: 3
JCOGIN initializing finished!
Transport initializing begin!
Default back ground temperature (~293.6K) is in use!
Set electron cross section.
    1000.03e             .999317             .000000         6/6/98
    8000.03e           15.861942             .000000         6/6/98
    1000.04p            0.999242          0.0000E+00         02/07/03
    8000.04p           15.862000          0.0000E+00         02/07/03
SetPhysicsModel is over!
SetElectronPhysicsModel_electron is over!
Physics parameters setting accomplished!
Source initializing accomplished!
Transport initializing accomplished!
Transport computing begin!
neutron account begin------------------------------------------------------------------------------------------------------------------------
neutron creation
creation_source_track_n                        0 creation_source_weight_n                        0 creation_source_energy_n                        0
creation_weightWindow_track_n                  0 creation_weightWindow_weight_n                  0 creation_weightWindow_energy_n                  0
creation_cellImportance_track_n                0 creation_cellImportance_weight_n                0 creation_cellImportance_energy_n                0
creation_weightCutoff_track_n                  0 creation_weightCutoff_weight_n                  0 creation_weightCutoff_energy_n                  0
creation_energyImportance_track_n              0 creation_energyImportance_weight_n              0 creation_energyImportance_energy_n              0
creation_forcedCollision_track_n               0 creation_forcedCollision_weight_n               0 creation_forcedCollision_energy_n               0
creation_expTransform_track_n                  0 creation_expTransform_weight_n                  0 creation_expTransform_energy_n                  0
creation_upScattering_track_n                  0 creation_upScattering_weight_n                  0 creation_upScattering_energy_n                  0
creation_delayedFission_track_n                0 creation_delayedFission_weight_n                0 creation_delayedFission_energy_n                0
creation_nXn_track_n                           0 creation_nXn_weight_n                           0 creation_nXn_energy_n                           0
creation_promptFission_track_n                 0 creation_promptFission_weight_n                 0 creation_promptFission_energy_n                 0
creation_total_track_n                         0 creation_total_weight_n                         0 creation_total_energy_n                         0
  
neutron loss
loss_escape_track_n                            0 loss_escape_weight_n                            0 loss_escape_energy_n                            0
loss_energyCutoff_track_n                      0 loss_energyCutoff_weight_n                      0 loss_energyCutoff_energy_n                      0
loss_timeCutoff_track_n                        0 loss_timeCutoff_weight_n                        0 loss_timeCutoff_energy_n                        0
loss_weightWindow_track_n                      0 loss_weightWindow_weight_n                      0 loss_weightWindow_energy_n                      0
loss_cellImportance_track_n                    0 loss_cellImportance_weight_n                    0 loss_cellImportance_energy_n                    0
loss_weightCutoff_track_n                      0 loss_weightCutoff_weight_n                      0 loss_weightCutoff_energy_n                      0
loss_energyImportance_track_n                  0 loss_energyImportance_weight_n                  0 loss_energyImportance_energy_n                  0
loss_forcedCollision_track_n                   0 loss_forcedCollision_weight_n                   0 loss_forcedCollision_energy_n                   0
loss_expTransform_track_n                      0 loss_expTransform_weight_n                      0 loss_expTransform_energy_n                      0
loss_downScattering_track_n                    0 loss_downScattering_weight_n                    0 loss_downScattering_energy_n                    0
loss_capture_track_n                           0 loss_capture_weight_n                           0 loss_capture_energy_n                           0
loss_nXn_track_n                               0 loss_nXn_weight_n                               0 loss_nXn_energy_n                               0
loss_fission_track_n                           0 loss_fission_weight_n                           0 loss_fission_energy_n                           0
loss_total_track_n                             0 loss_total_weight_n                             0 loss_total_energy_n                             0
neutron account end--------------------------------------------------------------------------------------------------------------------------
----------------------
Tally4_0,cell: S1,volume(cm^3): 47123.88980,coordinate(cm): 0.00000 0.00000 0.75000
Average flux on cell's volume, unit: particles/cm^2
  energyBin          mean         rel err    
  1.00000e-02    0.00000e+00        0.00000
  1.00000e-01    7.74170e-07        0.00811
  1.00000e+00    2.35825e-06        0.02186
  1.00000e+01    3.42189e-05        0.00248
 huge            0.00000e+00        0.00000
 total           3.73513e-05        0.00317
----------------------
----------------------
Tally4_1,cell: S1,volume(cm^3): 47123.88980,coordinate(cm): 0.00000 0.00000 0.75000
Average flux on cell's volume, unit: particles/cm^2
  energyBin          mean         rel err    
  1.00000e-02    1.07367e-07        0.08626
  1.00000e-01    3.16926e-06        0.05303
  1.00000e+00    3.03859e-06        0.06873
  1.00000e+01    1.13715e-06        0.06271
 huge            0.00000e+00        0.00000
 total           7.45237e-06        0.03838
----------------------
----------------------
Tally1_0,J-:cell S2 -->  cell S1
unit: particles
  energyBin          mean         rel err    
  5.00000e-02    0.00000e+00    0.00000e+00
  9.54550e-01    0.00000e+00    0.00000e+00
  1.85910e+00    0.00000e+00    0.00000e+00
  2.76360e+00    0.00000e+00    0.00000e+00
  3.66820e+00    0.00000e+00    0.00000e+00
  4.57270e+00    0.00000e+00    0.00000e+00
  5.47730e+00    0.00000e+00    0.00000e+00
  6.38180e+00    0.00000e+00    0.00000e+00
  7.28640e+00    0.00000e+00    0.00000e+00
  8.19090e+00    0.00000e+00    0.00000e+00
  9.09550e+00    0.00000e+00    0.00000e+00
  1.00000e+01    0.00000e+00    0.00000e+00
 huge            0.00000e+00    0.00000e+00
 total           0.00000e+00    0.00000e+00
----------------------
----------------------
Tally1_0,J+:cell S1 -->  cell S2
unit: particles
  energyBin          mean         rel err    
  5.00000e-02    3.20000e-03    2.49600e-01
  9.54550e-01    3.92000e-02    7.18495e-02
  1.85910e+00    1.94000e-02    1.01596e-01
  2.76360e+00    1.52000e-02    1.13833e-01
  3.66820e+00    1.02000e-02    1.39312e-01
  4.57270e+00    9.40000e-03    1.45178e-01
  5.47730e+00    2.76000e-02    8.39427e-02
  6.38180e+00    9.46000e-02    4.37512e-02
  7.28640e+00    4.59400e-01    1.53411e-02
  8.19090e+00    3.82600e-01    1.79649e-02
  9.09550e+00    0.00000e+00    0.00000e+00
  1.00000e+01    0.00000e+00    0.00000e+00
 huge            0.00000e+00    0.00000e+00
 total           1.06080e+00    3.70184e-03
----------------------
Transport computing accomplished!
************************************************************ TIME STATISTICS *************************************************************
------------------------------------------------------------------------------------------------------------------------------------------
                    Name           MaxTime           AvgTime   LoadBalance   Accesses   LocalMaxTime   LocalAvgTime   MaxLoc   LocalMaxLoc
------------------------------------------------------------------------------------------------------------------------------------------
          TOTAL_RUN_TIME   0.5349(100.00%)   0.5349(100.00%)       100.00%          1         0.5349         0.5349        0             0
jmct::transport::compute    0.4261(79.66%)    0.4261(79.66%)       100.00%          1         0.4261         0.4261        0             0
   jmct::transport::init    0.1047(19.58%)    0.1047(19.58%)       100.00%          1         0.1047         0.1047        0             0
------------------------------------------------------------------------------------------------------------------------------------------
