Runtime environment: 
The number of processes is 4, and the number of threads per process is 8.
Machine: localhost.localdomain, Date: Sun Jan  7 04:06:54 2018

---------------------------------
Below is the original input file 
---------------------------------
input_db {
   Main {
      application_type = "fixed_source"                    
      check_geometry   = FALSE                             
      GDMLFile         = "Model_test.gdml"                 
      log_file_name    = "photon.OUT"                      
   }
   HierarchyIntegrator {
      steps                 = 20                           
      restart_dump_interval = 0                            
   }
   Transportation {
      transport_mode         = "photon"                    
      energy_mode            = "continual"                 
      range_of_photon_energy = 0.001, 15                   
      scale                  = 20000000                    
      times                  = 30                          
      CrossSection {
      }
   }
   Tallys {
      TallyMesh_0 {
         particle_type = 2                                 
         x_bin         = -4, 4                             
         y_bin         = 20, 28                            
         z_bin         = 194, 202                          
         Multiplier {
            energy_multiplier = 0.01, 2.01353e-08, 0.015, 3.8376e-08, 0.02, 6.0816e-08, 0.03, 1.03103e-07, 0.04, 1.39854e-07, 0.05, 1.65053e-07, 0.06, 1.85538e-07, 0.08, 2.2104e-07, 0.1, 2.77879e-07, 0.15, 4.48052e-07, 0.2, 5.992e-07, 0.3, 9.3702e-07, 0.4, 1.25496e-06, 0.5, 1.58746e-06, 0.6, 1.917e-06, 0.8, 2.52396e-06, 1, 3.14241e-06, 1.5, 4.41466e-06, 2, 5.8437e-06, 4, 9.9704e-06, 6, 1.36206e-05, 8, 1.72659e-05, 10, 2.0832e-05
            interpolate_mode  = "log-log"                  
         }
      }
   }
   Source {
      number_of_source = 3                                 
      particle_type    = 2                                 
      Source_0 {
         probability                        = 2.76e+12     
         cell_name                          = "SS316"      
         energy_distribution                = "dist_0"     
         probability_of_energy_distribution = 1            
         dist_0 {
            distribution_type  = "piecewise_uniform_spectrum"
            segments           = 0, 0.01, 0.01, 0.02, 0.02, 0.05, 0.05, 0.1, 0.1, 0.2, 0.2, 0.3, 0.3, 0.4, 0.4, 0.6, 0.6, 0.8, 0.8, 1, 1, 1.22, 1.22, 1.44, 1.44, 1.66, 1.66, 2, 2, 2.5, 2.5, 3, 3, 4, 4, 5, 5, 6.5, 6.5, 8, 8, 10, 10, 12, 12, 14, 14, 20
            sample_probability = 1.08e+09, 915000, 575000, 1.02e+08, 3.12e+07, 16900, 1.06e+07, 1.59e+08, 528000, 2.25e+10, 5.14e+07, 9.65e+07, 191000, 6.61e+09, 3.36e+09, 4.68e+08, 3.96e+07, 691, 0, 0, 0, 0, 0, 0
         }
      }
      Source_1 {
         probability                        = 2.49e+10     
         cell_name                          = "AL6061"     
         energy_distribution                = "dist_1"     
         probability_of_energy_distribution = 1            
         dist_1 {
            distribution_type  = "piecewise_uniform_spectrum"
            segments           = 0, 0.01, 0.01, 0.02, 0.02, 0.05, 0.05, 0.1, 0.1, 0.2, 0.2, 0.3, 0.3, 0.4, 0.4, 0.6, 0.6, 0.8, 0.8, 1, 1, 1.22, 1.22, 1.44, 1.44, 1.66, 1.66, 2, 2, 2.5, 2.5, 3, 3, 4, 4, 5, 5, 6.5, 6.5, 8, 8, 10, 10, 12, 12, 14, 14, 20
            sample_probability = 40100, 0.000909, 0.0013, 1780, 325000, 9.15, 989, 557000, 13700, 2.33e+07, 8.71e+06, 4.63e+07, 2920, 171000, 88000, 4.5e+07, 28900, 356, 0, 0, 0, 0, 0, 0
         }
      }
      Source_2 {
         probability                        = 6.33e+10     
         cell_name                          = "CU"         
         energy_distribution                = "dist_2"     
         probability_of_energy_distribution = 1            
         dist_2 {
            distribution_type  = "piecewise_uniform_spectrum"
            segments           = 0, 0.01, 0.01, 0.02, 0.02, 0.05, 0.05, 0.1, 0.1, 0.2, 0.2, 0.3, 0.3, 0.4, 0.4, 0.6, 0.6, 0.8, 0.8, 1, 1, 1.22, 1.22, 1.44, 1.44, 1.66, 1.66, 2, 2, 2.5, 2.5, 3, 3, 4, 4, 5, 5, 6.5, 6.5, 8, 8, 10, 10, 12, 12, 14, 14, 20
            sample_probability = 2.66e+07, 0, 6.78e-08, 379000, 0.00302, 0, 470000, 2.79e+08, 63700, 236000, 5.71e+06, 481000, 2.24e+06, 188000, 586000, 24500, 17900, 64.1, 0, 0, 0, 0, 0, 0
         }
      }
   }
   TimerManager {
   }
}
-----------------
End of input file
-----------------
Read GDML file!
MPI Nodes: 4  Domains: 1
The total cell number = 4.The share cell number = 1.
Thread number: 1
Rank 0 Cell Number: 4
JCOGIN initializing finished!
Transport initializing begin!
Default back ground temperature (~293.6K) is in use!
    6000.04p           11.907800          0.0000E+00         02/07/03
   12000.04p           24.096200          0.0000E+00         02/07/03
   13000.04p           26.749800          0.0000E+00         02/07/03
   14000.04p           27.844700          0.0000E+00         02/07/03
   15000.04p           30.707700          0.0000E+00         02/07/03
   16000.04p           31.784600          0.0000E+00         02/07/03
   22000.04p           47.488500          0.0000E+00         02/07/03
   24000.04p           51.549300          0.0000E+00         02/07/03
   25000.04p           54.466100          0.0000E+00         02/07/03
   26000.04p           55.367300          0.0000E+00         02/07/03
   28000.04p           58.205700          0.0000E+00         02/07/03
   29000.04p           63.000100          0.0000E+00         02/07/03
   30000.04p           64.818400          0.0000E+00         02/07/03
Physics parameters setting accomplished!
Source particle is sampled among the following cells (whose name within []):
 [SS316] 
Source particle is sampled among the following cells (whose name within []):
 [AL6061] 
Source particle is sampled among the following cells (whose name within []):
 [CU] 
Source initializing accomplished!
Transport initializing accomplished!
Transport computing begin!
 =============================== summary =============================== 
                       ----- neutron creation ----- 
 <event>             <track>       <weight>        <energy>         
 source                   0       0.000e+00       0.000e+00
 weight-window            0       0.000e+00       0.000e+00
 cell-roulette            0       0.000e+00       0.000e+00
 weight-roulette          0       0.000e+00       0.000e+00
 energy-roulette          0       0.000e+00       0.000e+00
 force-collision          0       0.000e+00       0.000e+00
 exp-transform            0       0.000e+00       0.000e+00
 up-scattering            0       0.000e+00       0.000e+00
 delay-fission            0       0.000e+00       0.000e+00
 n,xn                     0       0.000e+00       0.000e+00
 prompt-fission           0       0.000e+00       0.000e+00
 total                    0       0.000e+00       0.000e+00
                        ----- neutron loss ----- 
 escape                   0       0.000e+00       0.000e+00
 energy-cutoff            0       0.000e+00       0.000e+00
 time-cutoff              0       0.000e+00       0.000e+00
 weight-window            0       0.000e+00       0.000e+00
 cell-roulette            0       0.000e+00       0.000e+00
 weight-roulette          0       0.000e+00       0.000e+00
 energy-roulette          0       0.000e+00       0.000e+00
 force-collision          0       0.000e+00       0.000e+00
 exp-transform            0       0.000e+00       0.000e+00
 down-scattering          0       0.000e+00       0.000e+00
 capture                  0       0.000e+00       0.000e+00
 n,xn                     0       0.000e+00       0.000e+00
 fission                  0       0.000e+00       0.000e+00
 total                    0       0.000e+00       0.000e+00
 ======================================================================= 
+++++++++++++++++
1st Mesh Tally, with output style: Z-Y-X
+++++++++++++++++
-----------------
Z from 1.940000e+02 to 2.020000e+02(cm)
-----------------
avg:
id0 
0 6.072577e-12 
-----------------
err:
id0 
0 4.056405e-03 
Transport computing accomplished!
*************************************************************** TIME STATISTICS ****************************************************************
------------------------------------------------------------------------------------------------------------------------------------------------
                    Name              MaxTime              AvgTime   LoadBalance   Accesses   LocalMaxTime   LocalAvgTime   MaxLoc   LocalMaxLoc
------------------------------------------------------------------------------------------------------------------------------------------------
          TOTAL_RUN_TIME   1189.8742(100.00%)   1189.8742(100.00%)       100.00%          4      1189.8742      1189.8742        0             0
jmct::transport::compute   1189.8586(100.00%)    1175.3903(98.78%)        98.78%        120      1140.0427      1140.0427        1             0
   jmct::transport::init        0.0149(0.00%)        0.0149(0.00%)        99.72%          4         0.0149         0.0149        3             0
------------------------------------------------------------------------------------------------------------------------------------------------
