Runtime environment: 
The number of processes is 1, and the number of threads per process is 8.
Machine: localhost.localdomain, Date: Thu Mar 31 15:39:40 2016

---------------------------------
Below is the original input file 
---------------------------------
input_db {
   Main {
      application_type = "fixed_source"                    
      GDMLFile         = "Model.gdml"                      
      check_geometry   = TRUE                              
   }
   HierarchyIntegrator {
      steps                 = 5                            
      restart_dump_interval = 0                            
   }
   Source {
      number_of_source = 1                                 
      particle_type    = 4                                 
      Source_0 {
         probability                           = 1         
         point                                 = 0, 0, 0   
         energy_distribution                   = "dist1"   
         probability_of_energy_distribution    = 1         
         direction_distribution                = "dir_distri_name1"
         probability_of_direction_distribution = 1         
         dist1 {
            distribution_type  = "discrete_spectrum"       
            state_points       = 20                        
            sample_probability = 1                         
         }
         dir_distri_name1 {
            reference_direction             = 0, 0, 1      
            polar_angle_cosine_distribution = "d1"         
         }
         d1 {
            distribution_type  = "discrete_spectrum"       
            state_points       = 1                         
            sample_probability = 1                         
         }
      }
   }
   Transportation {
      scale                    = 2000                      
      times                    = 5                         
      transport_mode           = "photon_electron"         
      range_of_electron_energy = 0.02, 20                  
      random_seed_mode_        = 1                         
      electron_energy_cutoff   = 0.02                      
      electron_produce_photon  = TRUE                      
      photon_induce_electron   = TRUE                      
   }
   TimerManager {
   }
   Tallys {
      number_of_Tally4 = 8                                 
      Tally4_0 {
         particle_type = 4                                 
         cells_name    = "S3M5"                            
         energy_bin    = 0.1, 0.5, 1, 2, 3, 4, 5, 6, 7, 8, 10, 12, 14, 16, 18, 20
      }
      Tally4_1 {
         particle_type = 2                                 
         cells_name    = "S3M5"                            
         energy_bin    = 0.1, 0.5, 1, 2, 3, 4, 5, 6, 7, 8, 10, 12, 14, 16, 18, 20
      }
      Tally4_2 {
         particle_type = 4                                 
         cells_name    = "S17M7"                           
         energy_bin    = 0.1, 0.5, 1, 2, 3, 4, 5, 6, 7, 8, 10, 12, 14, 16, 18, 20
      }
      Tally4_3 {
         particle_type = 2                                 
         cells_name    = "S17M7"                           
         energy_bin    = 0.1, 0.5, 1, 2, 3, 4, 5, 6, 7, 8, 10, 12, 14, 16, 18, 20
      }
      Tally4_4 {
         particle_type = 4                                 
         cells_name    = "S18M8"                           
         energy_bin    = 0.1, 0.5, 1, 2, 3, 4, 5, 6, 7, 8, 10, 12, 14, 16, 18, 20
      }
      Tally4_5 {
         particle_type = 2                                 
         cells_name    = "S18M8"                           
         energy_bin    = 0.1, 0.5, 1, 2, 3, 4, 5, 6, 7, 8, 10, 12, 14, 16, 18, 20
      }
      Tally4_6 {
         particle_type = 4                                 
         cells_name    = "S19M2"                           
         energy_bin    = 0.1, 0.5, 1, 2, 3, 4, 5, 6, 7, 8, 10, 12, 14, 16, 18, 20
      }
      Tally4_7 {
         particle_type = 2                                 
         cells_name    = "S19M2"                           
         energy_bin    = 0.1, 0.5, 1, 2, 3, 4, 5, 6, 7, 8, 10, 12, 14, 16, 18, 20
      }
   }
}
-----------------
End of input file
-----------------
Read GDML file!
MPI Nodes: 1  Domains: 1
The total cell number = 29.The share cell number = 1.
Thread number: 1
Rank 0 Cell Number: 29
JCOGIN initializing finished!
Transport initializing begin!
Default back ground temperature (~293.6K) is in use!
Set electron cross section.
    1000.03e             .999317             .000000         6/6/98
    6000.03e           11.907955             .000000         6/6/98
   29000.03e           62.999157             .000000         6/6/98
   73000.03e          179.393456             .000000         6/6/98
   82000.03e          205.436151             .000000         6/6/98
   92000.03e          235.984125             .000000         6/6/98
material 2 has been set to a conductor.
material 3 has been set to a conductor.
material 4 has been set to a conductor.
material 5 has been set to a conductor.
    1000.04p            0.999242          0.0000E+00         02/07/03
    6000.04p           11.907800          0.0000E+00         02/07/03
   29000.04p           63.000100          0.0000E+00         02/07/03
   73000.04p          179.394000          0.0000E+00         02/07/03
   82000.04p          205.420000          0.0000E+00         02/07/03
   92000.04p          235.984000          0.0000E+00         02/07/03
SetPhysicsModel is over!
SetElectronPhysicsModel_electron is over!
Physics parameters setting accomplished!
Source initializing accomplished!
Transport initializing accomplished!
Transport computing begin!
neutron account begin------------------------------------------------------------------------------------------------------------------------
neutron creation
creation_source_track_n                        0 creation_source_weight_n                        0 creation_source_energy_n                        0
creation_weightWindow_track_n                  0 creation_weightWindow_weight_n                  0 creation_weightWindow_energy_n                  0
creation_cellImportance_track_n                0 creation_cellImportance_weight_n                0 creation_cellImportance_energy_n                0
creation_weightCutoff_track_n                  0 creation_weightCutoff_weight_n                  0 creation_weightCutoff_energy_n                  0
creation_energyImportance_track_n              0 creation_energyImportance_weight_n              0 creation_energyImportance_energy_n              0
creation_forcedCollision_track_n               0 creation_forcedCollision_weight_n               0 creation_forcedCollision_energy_n               0
creation_expTransform_track_n                  0 creation_expTransform_weight_n                  0 creation_expTransform_energy_n                  0
creation_upScattering_track_n                  0 creation_upScattering_weight_n                  0 creation_upScattering_energy_n                  0
creation_delayedFission_track_n                0 creation_delayedFission_weight_n                0 creation_delayedFission_energy_n                0
creation_nXn_track_n                           0 creation_nXn_weight_n                           0 creation_nXn_energy_n                           0
creation_promptFission_track_n                 0 creation_promptFission_weight_n                 0 creation_promptFission_energy_n                 0
creation_total_track_n                         0 creation_total_weight_n                         0 creation_total_energy_n                         0
  
neutron loss
loss_escape_track_n                            0 loss_escape_weight_n                            0 loss_escape_energy_n                            0
loss_energyCutoff_track_n                      0 loss_energyCutoff_weight_n                      0 loss_energyCutoff_energy_n                      0
loss_timeCutoff_track_n                        0 loss_timeCutoff_weight_n                        0 loss_timeCutoff_energy_n                        0
loss_weightWindow_track_n                      0 loss_weightWindow_weight_n                      0 loss_weightWindow_energy_n                      0
loss_cellImportance_track_n                    0 loss_cellImportance_weight_n                    0 loss_cellImportance_energy_n                    0
loss_weightCutoff_track_n                      0 loss_weightCutoff_weight_n                      0 loss_weightCutoff_energy_n                      0
loss_energyImportance_track_n                  0 loss_energyImportance_weight_n                  0 loss_energyImportance_energy_n                  0
loss_forcedCollision_track_n                   0 loss_forcedCollision_weight_n                   0 loss_forcedCollision_energy_n                   0
loss_expTransform_track_n                      0 loss_expTransform_weight_n                      0 loss_expTransform_energy_n                      0
loss_downScattering_track_n                    0 loss_downScattering_weight_n                    0 loss_downScattering_energy_n                    0
loss_capture_track_n                           0 loss_capture_weight_n                           0 loss_capture_energy_n                           0
loss_nXn_track_n                               0 loss_nXn_weight_n                               0 loss_nXn_energy_n                               0
loss_fission_track_n                           0 loss_fission_weight_n                           0 loss_fission_energy_n                           0
loss_total_track_n                             0 loss_total_weight_n                             0 loss_total_energy_n                             0
neutron account end--------------------------------------------------------------------------------------------------------------------------
----------------------
Tally4_0,cell: S3M5,volume(cm^3): 0.70686,coordinate(cm): 0.00000 0.00000 0.00550
Average flux on cell's volume, unit: particles/cm^2
  energyBin          mean         rel err    
  1.00000e-01    5.62804e-04        0.02166
  5.00000e-01    8.52080e-04        0.04614
  1.00000e+00    3.22792e-04        0.09117
  2.00000e+00    2.70117e-04        0.10121
  3.00000e+00    1.82667e-04        0.12374
  4.00000e+00    1.29889e-04        0.16089
  5.00000e+00    7.81574e-05        0.17818
  6.00000e+00    7.14280e-05        0.18069
  7.00000e+00    8.14478e-05        0.19162
  8.00000e+00    3.39440e-05        0.24268
  1.00000e+01    8.94019e-05        0.17558
  1.20000e+01    7.48300e-05        0.15796
  1.40000e+01    9.37326e-05        0.18691
  1.60000e+01    7.50023e-05        0.14666
  1.80000e+01    1.43597e-04        0.11443
  2.00000e+01    1.25743e-02        0.00142
 huge            0.00000e+00        0.00000
 total           1.56362e-02        0.00680
----------------------
----------------------
Tally4_1,cell: S3M5,volume(cm^3): 0.70686,coordinate(cm): 0.00000 0.00000 0.00550
Average flux on cell's volume, unit: particles/cm^2
  energyBin          mean         rel err    
  1.00000e-01    7.23581e-04        0.04780
  5.00000e-01    1.67804e-03        0.06535
  1.00000e+00    1.02271e-03        0.06769
  2.00000e+00    5.28964e-04        0.07658
  3.00000e+00    2.59106e-04        0.12334
  4.00000e+00    1.53363e-04        0.17820
  5.00000e+00    8.78858e-05        0.25708
  6.00000e+00    6.04644e-05        0.19573
  7.00000e+00    4.16850e-05        0.20412
  8.00000e+00    3.00048e-05        0.23088
  1.00000e+01    3.92055e-05        0.19880
  1.20000e+01    2.86404e-05        0.26793
  1.40000e+01    2.04443e-05        0.20124
  1.60000e+01    2.26579e-05        0.40136
  1.80000e+01    1.01070e-05        0.29901
  2.00000e+01    4.64231e-06        0.42365
 huge            0.00000e+00        0.00000
 total           4.71150e-03        0.03555
----------------------
----------------------
Tally4_2,cell: S17M7,volume(cm^3): 377.47977,coordinate(cm): 0.00000 0.00000 200.00000
Average flux on cell's volume, unit: particles/cm^2
  energyBin          mean         rel err    
  1.00000e-01    2.47743e-07        0.17714
  5.00000e-01    7.34708e-07        0.17679
  1.00000e+00    4.47207e-07        0.18921
  2.00000e+00    4.38878e-07        0.21883
  3.00000e+00    2.30096e-07        0.27550
  4.00000e+00    1.44346e-07        0.31522
  5.00000e+00    1.23979e-07        0.32499
  6.00000e+00    6.88928e-08        0.41045
  7.00000e+00    3.21642e-08        0.55887
  8.00000e+00    2.94134e-08        0.61710
  1.00000e+01    1.99991e-08        0.78077
  1.20000e+01    0.00000e+00        0.00000
  1.40000e+01    0.00000e+00        0.00000
  1.60000e+01    0.00000e+00        0.00000
  1.80000e+01    0.00000e+00        0.00000
  2.00000e+01    0.00000e+00        0.00000
 huge            0.00000e+00        0.00000
 total           2.51743e-06        0.20217
----------------------
----------------------
Tally4_3,cell: S17M7,volume(cm^3): 377.47977,coordinate(cm): 0.00000 0.00000 200.00000
Average flux on cell's volume, unit: particles/cm^2
  energyBin          mean         rel err    
  1.00000e-01    8.79586e-07        0.21922
  5.00000e-01    2.42896e-06        0.20567
  1.00000e+00    7.26511e-06        0.22046
  2.00000e+00    5.04348e-06        0.29829
  3.00000e+00    3.93911e-06        0.41496
  4.00000e+00    1.59706e-06        0.75704
  5.00000e+00    1.00771e-06        0.87232
  6.00000e+00    1.19354e-07        0.99995
  7.00000e+00    1.33643e-06        0.71510
  8.00000e+00    7.76309e-07        0.73441
  1.00000e+01    5.44337e-07        0.69826
  1.20000e+01    1.46702e-06        0.50247
  1.40000e+01    6.18532e-08        0.99995
  1.60000e+01    0.00000e+00        0.00000
  1.80000e+01    0.00000e+00        0.00000
  2.00000e+01    0.00000e+00        0.00000
 huge            0.00000e+00        0.00000
 total           2.64663e-05        0.18497
----------------------
----------------------
Tally4_4,cell: S18M8,volume(cm^3): 768.63649,coordinate(cm): 0.00000 0.00000 200.00000
Average flux on cell's volume, unit: particles/cm^2
  energyBin          mean         rel err    
  1.00000e-01    2.30562e-07        0.13780
  5.00000e-01    6.83547e-07        0.13473
  1.00000e+00    5.50791e-07        0.14716
  2.00000e+00    6.71807e-07        0.16613
  3.00000e+00    4.52703e-07        0.19067
  4.00000e+00    2.95549e-07        0.23254
  5.00000e+00    1.98993e-07        0.26049
  6.00000e+00    1.53825e-07        0.29711
  7.00000e+00    1.19773e-07        0.31194
  8.00000e+00    8.20616e-08        0.34430
  1.00000e+01    1.01016e-07        0.42649
  1.20000e+01    2.11780e-08        0.81055
  1.40000e+01    2.42518e-08        0.99995
  1.60000e+01    8.98503e-09        0.99995
  1.80000e+01    0.00000e+00        0.00000
  2.00000e+01    0.00000e+00        0.00000
 huge            0.00000e+00        0.00000
 total           3.59504e-06        0.16876
----------------------
----------------------
Tally4_5,cell: S18M8,volume(cm^3): 768.63649,coordinate(cm): 0.00000 0.00000 200.00000
Average flux on cell's volume, unit: particles/cm^2
  energyBin          mean         rel err    
  1.00000e-01    1.24311e-06        0.21157
  5.00000e-01    2.90964e-05        0.13166
  1.00000e+00    1.39759e-05        0.17512
  2.00000e+00    1.08466e-05        0.18670
  3.00000e+00    8.15811e-06        0.27832
  4.00000e+00    3.62419e-06        0.36478
  5.00000e+00    2.38613e-06        0.39822
  6.00000e+00    1.47628e-06        0.50574
  7.00000e+00    3.59582e-06        0.41604
  8.00000e+00    1.89304e-06        0.56648
  1.00000e+01    2.35735e-06        0.41809
  1.20000e+01    1.99958e-06        0.38973
  1.40000e+01    5.21346e-07        0.62674
  1.60000e+01    1.32138e-06        0.59674
  1.80000e+01    9.75208e-07        0.83448
  2.00000e+01    0.00000e+00        0.00000
 huge            0.00000e+00        0.00000
 total           8.34704e-05        0.09742
----------------------
----------------------
Tally4_6,cell: S19M2,volume(cm^3): 46563.02516,coordinate(cm): 0.00000 0.00000 200.00000
Average flux on cell's volume, unit: particles/cm^2
  energyBin          mean         rel err    
  1.00000e-01    4.27485e-08        0.09344
  5.00000e-01    1.44162e-07        0.08971
  1.00000e+00    1.21136e-07        0.10106
  2.00000e+00    1.82792e-07        0.11064
  3.00000e+00    1.27273e-07        0.12342
  4.00000e+00    1.09769e-07        0.13441
  5.00000e+00    1.00410e-07        0.13551
  6.00000e+00    8.12612e-08        0.14458
  7.00000e+00    7.68343e-08        0.15224
  8.00000e+00    7.50973e-08        0.14799
  1.00000e+01    1.43886e-07        0.15152
  1.20000e+01    1.13334e-07        0.16752
  1.40000e+01    9.39578e-08        0.18221
  1.60000e+01    7.77141e-08        0.20466
  1.80000e+01    3.59634e-08        0.25794
  2.00000e+01    1.16041e-09        0.99995
 huge            0.00000e+00        0.00000
 total           1.52750e-06        0.12028
----------------------
----------------------
Tally4_7,cell: S19M2,volume(cm^3): 46563.02516,coordinate(cm): 0.00000 0.00000 200.00000
Average flux on cell's volume, unit: particles/cm^2
  energyBin          mean         rel err    
  1.00000e-01    3.79745e-06        0.14704
  5.00000e-01    9.30993e-06        0.08179
  1.00000e+00    3.59488e-06        0.11180
  2.00000e+00    2.75417e-06        0.13349
  3.00000e+00    2.28715e-06        0.16890
  4.00000e+00    9.88807e-07        0.23021
  5.00000e+00    7.78159e-07        0.28393
  6.00000e+00    3.75737e-07        0.40789
  7.00000e+00    6.33450e-07        0.30608
  8.00000e+00    6.34394e-07        0.32888
  1.00000e+01    6.51329e-07        0.30049
  1.20000e+01    3.83805e-07        0.36309
  1.40000e+01    5.39651e-07        0.35678
  1.60000e+01    2.70600e-07        0.45254
  1.80000e+01    2.39701e-07        0.53449
  2.00000e+01    1.63604e-07        0.65503
 huge            0.00000e+00        0.00000
 total           2.74028e-05        0.06048
----------------------
Transport computing accomplished!
************************************************************* TIME STATISTICS **************************************************************
--------------------------------------------------------------------------------------------------------------------------------------------
                    Name            MaxTime            AvgTime   LoadBalance   Accesses   LocalMaxTime   LocalAvgTime   MaxLoc   LocalMaxLoc
--------------------------------------------------------------------------------------------------------------------------------------------
          TOTAL_RUN_TIME   48.4963(100.00%)   48.4963(100.00%)       100.00%          1        48.4963        48.4963        0             0
jmct::transport::compute    46.1721(95.21%)    46.1721(95.21%)       100.00%          5        46.1721        46.1721        0             0
   jmct::transport::init      0.6296(1.30%)      0.6296(1.30%)       100.00%          1         0.6296         0.6296        0             0
--------------------------------------------------------------------------------------------------------------------------------------------
